ILMerge version 2.10.526.0
Copyright (C) Microsoft Corporation 2004-2006. All rights reserved.
ILMerge /lib:.\bin\aspnetmvc\ /targetplatform:v4,C:\Windows\Microsoft.NET\Framework\v4.0.30319 /log:ilmerge.log /t:library /out:src\MvcContrib.TestHelper.WatiN\bin\release\MvcContrib.WatiN.dll .\src\MvcContrib.TestHelper.WatiN\bin\release\MvcContrib.TestHelper.WatiN.dll .\src\MvcContrib.TestHelper.WatiN\bin\release\watin.core.dll .\src\MvcContrib.TestHelper.WatiN\bin\release\Interop.SHDocVw.dll .\src\MvcContrib.TestHelper.WatiN\bin\release\MvcContrib.TestHelper.dll 
Set platform to 'v4', using directory 'C:\Windows\Microsoft.NET\Framework\v4.0.30319' for mscorlib.dll
Running on Microsoft (R) .NET Framework v2.0.50727
mscorlib.dll version = 2.0.0.0
The list of input assemblies is:
	.\src\MvcContrib.TestHelper.WatiN\bin\release\MvcContrib.TestHelper.WatiN.dll
	.\src\MvcContrib.TestHelper.WatiN\bin\release\watin.core.dll
	.\src\MvcContrib.TestHelper.WatiN\bin\release\Interop.SHDocVw.dll
	.\src\MvcContrib.TestHelper.WatiN\bin\release\MvcContrib.TestHelper.dll
Trying to read assembly from the file 'C:\builds\mvccontrib-default-mvc3\.\src\MvcContrib.TestHelper.WatiN\bin\release\MvcContrib.TestHelper.WatiN.dll'.
	Successfully read in assembly.
	There were no errors reported in MvcContrib.TestHelper.WatiN's metadata.
Trying to read assembly from the file 'C:\builds\mvccontrib-default-mvc3\.\src\MvcContrib.TestHelper.WatiN\bin\release\watin.core.dll'.
Can not find PDB file. Debug info will not be available for assembly '.\src\MvcContrib.TestHelper.WatiN\bin\release\watin.core.dll'.
	Successfully read in assembly.
	There were no errors reported in WatiN.Core's metadata.
Trying to read assembly from the file 'C:\builds\mvccontrib-default-mvc3\.\src\MvcContrib.TestHelper.WatiN\bin\release\Interop.SHDocVw.dll'.
Can not find PDB file. Debug info will not be available for assembly '.\src\MvcContrib.TestHelper.WatiN\bin\release\Interop.SHDocVw.dll'.
	Successfully read in assembly.
	There were no errors reported in Interop.SHDocVw's metadata.
Trying to read assembly from the file 'C:\builds\mvccontrib-default-mvc3\.\src\MvcContrib.TestHelper.WatiN\bin\release\MvcContrib.TestHelper.dll'.
	Successfully read in assembly.
	There were no errors reported in MvcContrib.TestHelper's metadata.
Checking to see that all of the input assemblies have a compatible PeKind.
	MvcContrib.TestHelper.WatiN.PeKind = ILonly
	WatiN.Core.PeKind = ILonly
	Interop.SHDocVw.PeKind = ILonly
	MvcContrib.TestHelper.PeKind = ILonly
All input assemblies have a compatible PeKind value.
AssemblyResolver: Assembly 'MvcContrib.TestHelper.WatiN' is referencing assembly 'System.Drawing'.
	AssemblyResolver: Attempting referencing assembly's directory.
	AssemblyResolver: Did not find assembly in referencing assembly's directory.
	AssemblyResolver: Attempting input directory.
	AssemblyResolver: Did not find assembly in input directory.
	AssemblyResolver: Attempting user-supplied directories.
	AssemblyResolver: Did not find assembly in user-supplied directories.
	AssemblyResolver: Attempting framework directory.
Can not find PDB file. Debug info will not be available for assembly 'System.Drawing'.
Resolved assembly reference 'System.Drawing' to 'C:\Windows\Microsoft.NET\Framework\v4.0.30319\System.Drawing.dll'. (Used framework directory.)
AssemblyResolver: Assembly 'WatiN.Core' is referencing assembly 'Microsoft.mshtml'.
	AssemblyResolver: Attempting referencing assembly's directory.
	AssemblyResolver: Did not find assembly in referencing assembly's directory.
	AssemblyResolver: Attempting input directory.
	AssemblyResolver: Did not find assembly in input directory.
	AssemblyResolver: Attempting user-supplied directories.
	AssemblyResolver: Did not find assembly in user-supplied directories.
	AssemblyResolver: Attempting framework directory.
	AssemblyResolver: Did not find assembly in framework directory.
AssemblyResolver: Unable to resolve reference. (It still might be found, e.g., in the GAC.)
AssemblyResolver: Assembly 'MvcContrib.TestHelper' is referencing assembly 'System.Web'.
	AssemblyResolver: Attempting referencing assembly's directory.
	AssemblyResolver: Did not find assembly in referencing assembly's directory.
	AssemblyResolver: Attempting input directory.
	AssemblyResolver: Did not find assembly in input directory.
	AssemblyResolver: Attempting user-supplied directories.
	AssemblyResolver: Did not find assembly in user-supplied directories.
	AssemblyResolver: Attempting framework directory.
Can not find PDB file. Debug info will not be available for assembly 'System.Web'.
Resolved assembly reference 'System.Web' to 'C:\Windows\Microsoft.NET\Framework\v4.0.30319\System.Web.dll'. (Used framework directory.)
AssemblyResolver: Assembly 'MvcContrib.TestHelper' is referencing assembly 'System.Core'.
	AssemblyResolver: Attempting referencing assembly's directory.
	AssemblyResolver: Did not find assembly in referencing assembly's directory.
	AssemblyResolver: Attempting input directory.
	AssemblyResolver: Did not find assembly in input directory.
	AssemblyResolver: Attempting user-supplied directories.
	AssemblyResolver: Did not find assembly in user-supplied directories.
	AssemblyResolver: Attempting framework directory.
Can not find PDB file. Debug info will not be available for assembly 'System.Core'.
Resolved assembly reference 'System.Core' to 'C:\Windows\Microsoft.NET\Framework\v4.0.30319\System.Core.dll'. (Used framework directory.)
AssemblyResolver: Assembly 'MvcContrib.TestHelper' is referencing assembly 'System.Web.Mvc'.
	AssemblyResolver: Attempting referencing assembly's directory.
Can not find PDB file. Debug info will not be available for assembly 'System.Web.Mvc'.
Resolved assembly reference 'System.Web.Mvc' to 'C:\builds\mvccontrib-default-mvc3\src\MvcContrib.TestHelper.WatiN\bin\release\System.Web.Mvc.dll'. (Used referencing Module's directory.)
AssemblyResolver: Assembly 'MvcContrib.TestHelper' is referencing assembly 'Rhino.Mocks'.
	AssemblyResolver: Attempting referencing assembly's directory.
Can not find PDB file. Debug info will not be available for assembly 'Rhino.Mocks'.
Resolved assembly reference 'Rhino.Mocks' to 'C:\builds\mvccontrib-default-mvc3\src\MvcContrib.TestHelper.WatiN\bin\release\Rhino.Mocks.dll'. (Used referencing Module's directory.)
Merging assembly 'MvcContrib.TestHelper.WatiN' into target assembly.
Merging assembly 'WatiN.Core' into target assembly.
Merging assembly 'Interop.SHDocVw' into target assembly.
Merging assembly 'MvcContrib.TestHelper' into target assembly.
Merging assembly-level attributes from assembly 'MvcContrib.TestHelper.WatiN' into target assembly.
Copying 1 Win32 Resources from assembly 'MvcContrib.TestHelper.WatiN' into target assembly.
	There were no errors reported in the target assembly's metadata.
ILMerge: Writing target assembly 'src\MvcContrib.TestHelper.WatiN\bin\release\MvcContrib.WatiN.dll'.
AssemblyResolver: Assembly 'System' is referencing assembly 'System.Configuration'.
	AssemblyResolver: Attempting referencing assembly's directory.
Can not find PDB file. Debug info will not be available for assembly 'System.Configuration'.
Resolved assembly reference 'System.Configuration' to 'C:\Windows\Microsoft.NET\Framework\v4.0.30319\System.Configuration.dll'. (Used referencing Module's directory.)
AssemblyResolver: Assembly 'System' is referencing assembly 'System.Xml'.
	AssemblyResolver: Attempting referencing assembly's directory.
Can not find PDB file. Debug info will not be available for assembly 'System.Xml'.
Resolved assembly reference 'System.Xml' to 'C:\Windows\Microsoft.NET\Framework\v4.0.30319\System.Xml.dll'. (Used referencing Module's directory.)
AssemblyResolver: Assembly 'Rhino.Mocks' is referencing assembly 'System.Core'.
	AssemblyResolver: Attempting referencing assembly's directory.
	AssemblyResolver: Did not find assembly in referencing assembly's directory.
	AssemblyResolver: Attempting input directory.
	AssemblyResolver: Did not find assembly in input directory.
	AssemblyResolver: Attempting user-supplied directories.
	AssemblyResolver: Did not find assembly in user-supplied directories.
	AssemblyResolver: Attempting framework directory.
Can not find PDB file. Debug info will not be available for assembly 'System.Core'.
Resolved assembly reference 'System.Core' to 'C:\Windows\Microsoft.NET\Framework\v4.0.30319\System.Core.dll'. (Used framework directory.)
AssemblyResolver: Assembly 'System.Web' is referencing assembly 'System.Data'.
	AssemblyResolver: Attempting referencing assembly's directory.
Can not find PDB file. Debug info will not be available for assembly 'System.Data'.
Resolved assembly reference 'System.Data' to 'C:\Windows\Microsoft.NET\Framework\v4.0.30319\System.Data.dll'. (Used referencing Module's directory.)
Location for referenced module 'gdi32.dll' is ''
Location for referenced module 'user32.dll' is ''
Location for referenced module 'user32' is ''
Location for referenced module 'oleacc' is ''
Location for referenced module 'kernel32' is ''
Location for referenced module 'wininet' is ''
Location for referenced module 'wininet.dll' is ''
Location for referenced assembly 'System.Drawing' is 'C:\Windows\Microsoft.NET\Framework\v4.0.30319\System.Drawing.dll'
	There were no errors reported in  System.Drawing's metadata.
Location for referenced assembly 'mscorlib' is 'C:\Windows\Microsoft.NET\Framework\v4.0.30319\mscorlib.dll'
	There were no errors reported in  mscorlib's metadata.
Location for referenced assembly 'System.Core' is 'C:\Windows\Microsoft.NET\Framework\v4.0.30319\System.Core.dll'
	There were no errors reported in  System.Core's metadata.
Location for referenced assembly 'Microsoft.mshtml' is 'C:\Windows\assembly\GAC\Microsoft.mshtml\7.0.3300.0__b03f5f7f11d50a3a\Microsoft.mshtml.dll'
	There were no errors reported in  Microsoft.mshtml's metadata.
Location for referenced assembly 'System' is 'C:\Windows\Microsoft.NET\Framework\v4.0.30319\System.dll'
	There were no errors reported in  System's metadata.
Location for referenced assembly 'System.Windows.Forms' is 'C:\Windows\Microsoft.NET\Framework\v4.0.30319\System.Windows.Forms.dll'
	There were no errors reported in  System.Windows.Forms's metadata.
Location for referenced assembly 'System.Web.Mvc' is 'C:\builds\mvccontrib-default-mvc3\src\MvcContrib.TestHelper.WatiN\bin\release\System.Web.Mvc.dll'
	There were no errors reported in  System.Web.Mvc's metadata.
Location for referenced assembly 'System.Web' is 'C:\Windows\Microsoft.NET\Framework\v4.0.30319\System.Web.dll'
	There were no errors reported in  System.Web's metadata.
Location for referenced assembly 'Rhino.Mocks' is 'C:\builds\mvccontrib-default-mvc3\src\MvcContrib.TestHelper.WatiN\bin\release\Rhino.Mocks.dll'
	There were no errors reported in  Rhino.Mocks's metadata.
ILMerge: Done.
